
========================[ Jun 9, 2014  6:34 PM ]========================
Version 2.2.26 [Sep-21-2011]
Started database file "univec.fasta"
Formatted 4383 sequences in volume 0
SUCCESS: formatted database univec

========================[ Jun 9, 2014  6:40 PM ]========================
Version 2.2.26 [Sep-21-2011]
Started database file "database.fasta"
Formatted 4383 sequences in volume 0
SUCCESS: formatted database database

========================[ Jun 9, 2014  6:41 PM ]========================
Version 2.2.26 [Sep-21-2011]
Started database file "database.fasta"
Formatted 1 sequences in volume 0
SUCCESS: formatted database database

========================[ Jun 9, 2014  6:45 PM ]========================
Version 2.2.26 [Sep-21-2011]
Started database file "database.fasta"
Formatted 4383 sequences in volume 0
SUCCESS: formatted database database

========================[ Jun 9, 2014  6:49 PM ]========================
Version 2.2.26 [Sep-21-2011]
Started database file "database.fasta"
Formatted 4383 sequences in volume 0
SUCCESS: formatted database database

========================[ Jun 13, 2014  1:36 PM ]========================
Version 2.2.26 [Sep-21-2011]
Started database file "univec.fasta"
Formatted 4383 sequences in volume 0
SUCCESS: formatted database univec
